mode: set
lokajatim/services/article/article_service.go:12.78,14.2 1 1
lokajatim/services/article/article_service.go:16.75,18.2 1 1
lokajatim/services/article/article_service.go:20.79,22.2 1 1
lokajatim/services/article/article_service.go:24.96,26.2 1 1
lokajatim/services/article/article_service.go:28.104,30.2 1 1
lokajatim/services/article/article_service.go:32.58,34.2 1 1
lokajatim/services/cart/cart_service.go:12.73,14.2 1 1
lokajatim/services/cart/cart_service.go:16.71,18.2 1 1
lokajatim/services/cart/cart_service.go:20.67,22.2 1 1
lokajatim/services/cart/cart_service.go:24.79,26.2 1 1
lokajatim/services/cart/cart_service.go:28.73,30.2 1 1
lokajatim/services/cart/cart_service.go:32.104,34.2 1 1
lokajatim/services/cart/cart_service.go:36.99,38.2 1 1
lokajatim/services/cart/cart_service.go:40.64,42.2 1 1
lokajatim/services/cart/cart_service.go:44.51,46.2 1 1
lokajatim/services/category/category_service.go:12.93,14.2 1 1
lokajatim/services/category/category_service.go:16.72,18.2 1 1
lokajatim/services/category/category_service.go:20.78,22.2 1 1
lokajatim/services/category/category_service.go:24.97,26.2 1 1
lokajatim/services/category/category_service.go:28.105,30.2 1 1
lokajatim/services/category/category_service.go:32.56,34.2 1 1
lokajatim/services/auth/auth_service.go:22.123,27.2 1 1
lokajatim/services/auth/auth_service.go:30.81,31.22 1 1
lokajatim/services/auth/auth_service.go:31.22,33.3 1 0
lokajatim/services/auth/auth_service.go:34.2,34.25 1 1
lokajatim/services/auth/auth_service.go:34.25,36.3 1 0
lokajatim/services/auth/auth_service.go:38.2,39.16 2 1
lokajatim/services/auth/auth_service.go:39.16,41.3 1 1
lokajatim/services/auth/auth_service.go:43.2,43.68 1 1
lokajatim/services/auth/auth_service.go:43.68,45.3 1 1
lokajatim/services/auth/auth_service.go:47.2,48.16 2 1
lokajatim/services/auth/auth_service.go:48.16,50.3 1 0
lokajatim/services/auth/auth_service.go:51.2,53.20 2 1
lokajatim/services/auth/auth_service.go:57.84,58.22 1 1
lokajatim/services/auth/auth_service.go:58.22,60.3 1 0
lokajatim/services/auth/auth_service.go:61.2,61.25 1 1
lokajatim/services/auth/auth_service.go:61.25,63.3 1 0
lokajatim/services/auth/auth_service.go:65.2,68.16 3 1
lokajatim/services/auth/auth_service.go:68.16,70.3 1 0
lokajatim/services/auth/auth_service.go:71.2,74.16 3 1
lokajatim/services/auth/auth_service.go:74.16,76.3 1 0
lokajatim/services/auth/auth_service.go:77.2,80.16 3 1
lokajatim/services/auth/auth_service.go:80.16,82.3 1 0
lokajatim/services/auth/auth_service.go:84.2,85.16 2 1
lokajatim/services/auth/auth_service.go:85.16,87.3 1 0
lokajatim/services/auth/auth_service.go:88.2,90.25 2 1
lokajatim/services/auth/auth_service.go:94.79,95.17 1 1
lokajatim/services/auth/auth_service.go:95.17,97.3 1 0
lokajatim/services/auth/auth_service.go:99.2,100.16 2 1
lokajatim/services/auth/auth_service.go:100.16,102.3 1 1
lokajatim/services/auth/auth_service.go:104.2,104.18 1 1
lokajatim/services/auth/auth_service.go:108.71,110.16 2 1
lokajatim/services/auth/auth_service.go:110.16,112.3 1 0
lokajatim/services/auth/auth_service.go:114.2,114.19 1 1
lokajatim/services/auth/auth_service.go:118.105,120.16 2 1
lokajatim/services/auth/auth_service.go:120.16,122.3 1 0
lokajatim/services/auth/auth_service.go:124.2,124.28 1 1
lokajatim/services/auth/auth_service.go:124.28,126.3 1 1
lokajatim/services/auth/auth_service.go:127.2,127.31 1 1
lokajatim/services/auth/auth_service.go:127.31,129.3 1 0
lokajatim/services/auth/auth_service.go:130.2,130.35 1 1
lokajatim/services/auth/auth_service.go:130.35,132.3 1 0
lokajatim/services/auth/auth_service.go:133.2,133.27 1 1
lokajatim/services/auth/auth_service.go:133.27,135.3 1 0
lokajatim/services/auth/auth_service.go:137.2,138.16 2 1
lokajatim/services/auth/auth_service.go:138.16,140.3 1 0
lokajatim/services/auth/auth_service.go:142.2,142.25 1 1
lokajatim/services/auth/auth_service.go:145.61,147.16 2 1
lokajatim/services/auth/auth_service.go:147.16,149.3 1 0
lokajatim/services/auth/auth_service.go:151.2,151.12 1 1
lokajatim/services/auth/auth_service.go:154.78,155.17 1 0
lokajatim/services/auth/auth_service.go:155.17,157.3 1 0
lokajatim/services/auth/auth_service.go:159.2,160.16 2 0
lokajatim/services/auth/auth_service.go:160.16,162.3 1 0
lokajatim/services/auth/auth_service.go:164.2,166.75 2 0
lokajatim/services/auth/auth_service.go:166.75,168.3 1 0
lokajatim/services/auth/auth_service.go:170.2,170.55 1 0
lokajatim/services/auth/auth_service.go:170.55,172.3 1 0
lokajatim/services/auth/auth_service.go:174.2,174.37 1 0
lokajatim/services/auth/auth_service.go:177.95,179.26 2 0
lokajatim/services/auth/auth_service.go:179.26,181.3 1 0
lokajatim/services/auth/auth_service.go:183.2,184.16 2 0
lokajatim/services/auth/auth_service.go:184.16,186.3 1 0
lokajatim/services/auth/auth_service.go:188.2,191.75 3 0
lokajatim/services/auth/auth_service.go:191.75,193.3 1 0
lokajatim/services/auth/auth_service.go:195.2,195.45 1 0
lokajatim/services/auth/auth_service.go:199.79,202.2 2 1
lokajatim/services/auth/auth_service.go:205.79,208.2 2 1
lokajatim/services/auth/auth_service.go:210.76,213.19 2 0
lokajatim/services/auth/auth_service.go:213.19,215.6 1 0
lokajatim/services/auth/auth_service.go:218.5,218.24 1 0
lokajatim/services/auth/auth_service.go:218.24,220.6 1 0
lokajatim/services/auth/auth_service.go:222.5,222.21 1 0
lokajatim/services/auth/auth_service.go:225.76,227.19 2 0
lokajatim/services/auth/auth_service.go:227.19,229.6 1 0
lokajatim/services/auth/auth_service.go:230.5,230.22 1 0
lokajatim/services/auth/auth_service.go:233.57,234.33 1 0
lokajatim/services/auth/auth_service.go:234.33,236.6 1 0
lokajatim/services/auth/auth_service.go:238.5,239.19 2 0
lokajatim/services/auth/auth_service.go:239.19,241.6 1 0
lokajatim/services/auth/auth_service.go:243.5,243.15 1 0
lokajatim/services/comment/comment_service.go:12.88,14.2 1 1
lokajatim/services/comment/comment_service.go:16.75,18.2 1 1
lokajatim/services/comment/comment_service.go:20.92,22.2 1 1
lokajatim/services/comment/comment_service.go:24.92,26.2 1 1
lokajatim/services/comment/comment_service.go:28.54,30.2 1 1
lokajatim/services/event_category/event_category_service.go:12.101,14.2 1 1
lokajatim/services/event_category/event_category_service.go:16.79,18.2 1 1
lokajatim/services/event_category/event_category_service.go:20.84,22.2 1 1
lokajatim/services/event_category/event_category_service.go:24.108,26.2 1 1
lokajatim/services/event_category/event_category_service.go:28.108,30.16 2 1
lokajatim/services/event_category/event_category_service.go:30.16,32.3 1 0
lokajatim/services/event_category/event_category_service.go:34.2,35.40 2 1
lokajatim/services/event_category/event_category_service.go:38.57,40.16 2 1
lokajatim/services/event_category/event_category_service.go:40.16,42.3 1 1
lokajatim/services/event_category/event_category_service.go:43.2,43.26 1 1
lokajatim/services/event/event_service.go:12.63,14.2 1 1
lokajatim/services/event/event_service.go:16.59,18.2 1 1
lokajatim/services/event/event_service.go:20.66,22.2 1 1
lokajatim/services/event/event_service.go:24.67,26.2 1 1
lokajatim/services/event/event_service.go:28.60,30.2 1 1
lokajatim/services/event/event_service.go:32.60,34.2 1 1
lokajatim/services/event/event_service.go:36.46,38.2 1 1
lokajatim/services/like/like_service.go:13.63,15.2 1 1
lokajatim/services/like/like_service.go:17.81,19.16 2 1
lokajatim/services/like/like_service.go:19.16,21.3 1 0
lokajatim/services/like/like_service.go:22.2,22.11 1 1
lokajatim/services/like/like_service.go:22.11,24.3 1 1
lokajatim/services/like/like_service.go:26.2,30.36 2 1
lokajatim/services/like/like_service.go:33.66,35.16 2 1
lokajatim/services/like/like_service.go:35.16,37.3 1 0
lokajatim/services/like/like_service.go:38.2,38.12 1 1
lokajatim/services/like/like_service.go:38.12,40.3 1 1
lokajatim/services/like/like_service.go:41.2,41.49 1 1
lokajatim/services/like/like_service.go:44.81,46.2 1 1
lokajatim/services/like/like_service.go:48.62,50.2 1 1
lokajatim/services/like/like_service.go:52.79,54.2 1 1
lokajatim/services/product/product_service.go:17.88,19.2 1 1
lokajatim/services/product/product_service.go:21.68,23.2 1 1
lokajatim/services/product/product_service.go:25.75,27.2 1 1
lokajatim/services/product/product_service.go:29.77,31.2 1 1
lokajatim/services/product/product_service.go:33.92,35.2 1 1
lokajatim/services/product/product_service.go:37.100,39.2 1 1
lokajatim/services/product/product_service.go:41.54,43.2 1 1
lokajatim/services/product/product_service.go:45.84,47.2 1 1
lokajatim/services/product/product_service.go:49.91,51.2 1 0
lokajatim/services/product/product_service.go:53.99,55.2 1 1
lokajatim/services/product/product_service.go:57.67,59.2 1 1
lokajatim/services/product/product_service.go:61.64,63.16 2 1
lokajatim/services/product/product_service.go:63.16,65.3 1 1
lokajatim/services/product/product_service.go:66.2,70.16 4 1
lokajatim/services/product/product_service.go:70.16,72.3 1 0
lokajatim/services/product/product_service.go:74.2,77.33 3 1
lokajatim/services/product/product_service.go:77.33,78.13 1 1
lokajatim/services/product/product_service.go:78.13,79.12 1 1
lokajatim/services/product/product_service.go:82.3,83.17 2 1
lokajatim/services/product/product_service.go:83.17,85.4 1 0
lokajatim/services/product/product_service.go:86.3,87.17 2 1
lokajatim/services/product/product_service.go:87.17,89.4 1 0
lokajatim/services/product/product_service.go:90.3,91.17 2 1
lokajatim/services/product/product_service.go:91.17,93.4 1 0
lokajatim/services/product/product_service.go:95.3,104.41 3 1
lokajatim/services/product/product_service.go:104.41,106.34 2 1
lokajatim/services/product/product_service.go:106.34,111.5 1 1
lokajatim/services/product/product_service.go:115.2,115.65 1 1
lokajatim/services/product/product_service.go:115.65,117.3 1 0
lokajatim/services/product/product_service.go:119.2,119.35 1 1
lokajatim/services/product/product_service.go:119.35,120.25 1 1
lokajatim/services/product/product_service.go:120.25,121.32 1 1
lokajatim/services/product/product_service.go:121.32,123.5 1 1
lokajatim/services/product/product_service.go:127.2,127.69 1 1
lokajatim/services/product/product_service.go:127.69,129.3 1 0
lokajatim/services/product/product_service.go:131.2,131.12 1 1
lokajatim/services/ticket/ticket_service.go:12.69,14.2 1 1
lokajatim/services/ticket/ticket_service.go:16.68,18.2 1 1
lokajatim/services/ticket/ticket_service.go:20.73,22.2 1 1
lokajatim/services/ticket/ticket_service.go:24.87,26.2 1 1
lokajatim/services/ticket/ticket_service.go:28.87,30.2 1 1
lokajatim/services/ticket/ticket_service.go:32.53,34.2 1 1
lokajatim/services/transaction/transaction_service.go:17.147,22.2 1 1
lokajatim/services/transaction/transaction_service.go:24.98,25.32 1 0
lokajatim/services/transaction/transaction_service.go:25.32,27.3 1 0
lokajatim/services/transaction/transaction_service.go:29.2,30.16 2 0
lokajatim/services/transaction/transaction_service.go:30.16,32.3 1 0
lokajatim/services/transaction/transaction_service.go:34.2,35.34 2 0
lokajatim/services/transaction/transaction_service.go:35.34,37.3 1 0
lokajatim/services/transaction/transaction_service.go:39.2,56.16 3 0
lokajatim/services/transaction/transaction_service.go:56.16,58.3 1 0
lokajatim/services/transaction/transaction_service.go:59.2,62.16 3 0
lokajatim/services/transaction/transaction_service.go:62.16,64.3 1 0
lokajatim/services/transaction/transaction_service.go:66.2,66.32 1 0
lokajatim/services/transaction/transaction_service.go:69.87,71.16 2 1
lokajatim/services/transaction/transaction_service.go:71.16,73.3 1 1
lokajatim/services/transaction/transaction_service.go:75.2,76.16 2 1
lokajatim/services/transaction/transaction_service.go:77.31,78.29 1 1
lokajatim/services/transaction/transaction_service.go:79.17,80.28 1 0
lokajatim/services/transaction/transaction_service.go:81.34,82.27 1 0
lokajatim/services/transaction/transaction_service.go:83.10,84.28 1 0
lokajatim/services/transaction/transaction_service.go:87.2,87.99 1 1
lokajatim/services/transaction/transaction_service.go:87.99,89.3 1 0
lokajatim/services/transaction/transaction_service.go:91.2,91.12 1 1
lokajatim/services/transaction/transaction_service.go:94.98,96.2 1 0
lokajatim/services/transaction/transaction_service.go:98.83,100.2 1 0
lokajatim/services/transaction/transaction_service.go:102.127,103.13 1 1
lokajatim/services/transaction/transaction_service.go:103.13,105.3 1 1
lokajatim/services/transaction/transaction_service.go:107.2,116.57 2 1
lokajatim/services/transaction/transaction_service.go:119.94,120.18 1 1
lokajatim/services/transaction/transaction_service.go:120.18,122.3 1 1
lokajatim/services/transaction/transaction_service.go:123.2,123.73 1 1
lokajatim/services/transaction/transaction_service.go:126.73,128.2 1 1
lokajatim/services/chatbot/chatbot_service.go:18.46,21.16 3 1
lokajatim/services/chatbot/chatbot_service.go:21.16,23.3 1 0
lokajatim/services/chatbot/chatbot_service.go:25.2,32.8 3 1
lokajatim/services/chatbot/chatbot_service.go:35.91,39.60 3 1
lokajatim/services/chatbot/chatbot_service.go:39.60,41.3 1 1
lokajatim/services/chatbot/chatbot_service.go:43.2,44.47 2 0
lokajatim/services/chatbot/chatbot_service.go:44.47,45.57 1 0
lokajatim/services/chatbot/chatbot_service.go:45.57,46.41 1 0
lokajatim/services/chatbot/chatbot_service.go:46.41,48.5 1 0
lokajatim/services/chatbot/chatbot_service.go:52.2,52.20 1 0
lokajatim/services/chatbot/chatbot_service.go:52.20,54.3 1 0
lokajatim/services/chatbot/chatbot_service.go:56.2,56.22 1 0
